2020-04-11 00:05:43.395 INFO [main] [com.cts.stepdefination.WebshopLogin] [the_user_launch_the_chrome_application_i_am_on_the_home_page_and_logs_in_with_and] [com.cts.stepdefination.WebshopSelectproduct.the_user_launch_the_chrome_application_i_am_on_the_home_page_and_logs_in_with_and(WebshopSelectproduct.java:29)] - user logs in
2020-04-11 00:20:03.839 INFO [main] [com.cts.stepdefination.WebshopLogin] [the_user_launch_the_chrome_application_i_am_on_the_home_page_and_logs_in_with_and] [com.cts.stepdefination.WebshopSelectproduct.the_user_launch_the_chrome_application_i_am_on_the_home_page_and_logs_in_with_and(WebshopSelectproduct.java:29)] - user logs in
2020-04-11 00:20:15.170 INFO [main] [com.cts.stepdefination.WebshopLogin] [the_user_clicks_on_phones] [com.cts.stepdefination.WebshopSelectproduct.the_user_clicks_on_phones(WebshopSelectproduct.java:48)] - completes selecting products
2020-04-11 00:20:35.503 INFO [main] [com.cts.stepdefination.WebshopLogin] [the_user_launch_the_chrome_application_i_am_on_the_home_page_and_logs_in_with_and] [com.cts.stepdefination.WebshopSelectproduct.the_user_launch_the_chrome_application_i_am_on_the_home_page_and_logs_in_with_and(WebshopSelectproduct.java:29)] - user logs in
2020-04-11 00:20:45.023 INFO [main] [com.cts.stepdefination.WebshopLogin] [the_user_clicks_on_phones] [com.cts.stepdefination.WebshopSelectproduct.the_user_clicks_on_phones(WebshopSelectproduct.java:48)] - completes selecting products
2020-04-11 00:43:38.089 INFO [main] [com.cts.stepdefination.WebshopLogin] [the_user_launch_the_chrome_application_i_am_on_the_home_page_and_selects_and_logs_in_with_and] [com.cts.stepdefination.WebshopShippingcart.the_user_launch_the_chrome_application_i_am_on_the_home_page_and_selects_and_logs_in_with_and(WebshopShippingcart.java:35)] - user logs in
2020-04-11 00:43:45.833 INFO [main] [com.cts.stepdefination.WebshopLogin] [the_user_launch_the_chrome_application_i_am_on_the_home_page_and_selects_and_logs_in_with_and] [com.cts.stepdefination.WebshopShippingcart.the_user_launch_the_chrome_application_i_am_on_the_home_page_and_selects_and_logs_in_with_and(WebshopShippingcart.java:40)] - completes selecting products
2020-04-11 00:43:47.834 INFO [main] [com.cts.stepdefination.WebshopLogin] [the_user_clicks_the_shopping_cart_link] [com.cts.stepdefination.WebshopShippingcart.the_user_clicks_the_shopping_cart_link(WebshopShippingcart.java:47)] - clicks on shipping cart link
2020-04-11 00:44:12.498 INFO [main] [com.cts.stepdefination.WebshopLogin] [the_user_launch_the_chrome_application_i_am_on_the_home_page_and_selects_and_logs_in_with_and] [com.cts.stepdefination.WebshopShippingcart.the_user_launch_the_chrome_application_i_am_on_the_home_page_and_selects_and_logs_in_with_and(WebshopShippingcart.java:35)] - user logs in
2020-04-11 00:44:22.130 INFO [main] [com.cts.stepdefination.WebshopLogin] [the_user_launch_the_chrome_application_i_am_on_the_home_page_and_selects_and_logs_in_with_and] [com.cts.stepdefination.WebshopShippingcart.the_user_launch_the_chrome_application_i_am_on_the_home_page_and_selects_and_logs_in_with_and(WebshopShippingcart.java:40)] - completes selecting products
2020-04-11 00:44:23.921 INFO [main] [com.cts.stepdefination.WebshopLogin] [the_user_clicks_the_shopping_cart_link] [com.cts.stepdefination.WebshopShippingcart.the_user_clicks_the_shopping_cart_link(WebshopShippingcart.java:47)] - clicks on shipping cart link
2020-04-11 15:36:25.064 INFO [main] [com.cts.stepdefination.WebshopLogin] [the_user_launch_the_chrome_application_i_am_on_the_home_page] [com.cts.stepdefination.WebshopLogin.the_user_launch_the_chrome_application_i_am_on_the_home_page(WebshopLogin.java:27)] - browser opens
2020-04-11 15:36:31.459 INFO [main] [com.cts.stepdefination.WebshopLogin] [the_user_clicks_the_login_button] [com.cts.stepdefination.WebshopLogin.the_user_clicks_the_login_button(WebshopLogin.java:33)] - clicks login button
2020-04-11 15:36:33.929 INFO [main] [com.cts.stepdefination.WebshopLogin] [the_user_login_using_and] [com.cts.stepdefination.WebshopLogin.the_user_login_using_and(WebshopLogin.java:40)] - enters username and password
2020-04-11 15:37:04.655 INFO [main] [com.cts.stepdefination.WebshopLogin] [the_user_launch_the_chrome_application_i_am_on_the_home_page] [com.cts.stepdefination.WebshopLogin.the_user_launch_the_chrome_application_i_am_on_the_home_page(WebshopLogin.java:27)] - browser opens
2020-04-11 15:37:07.805 INFO [main] [com.cts.stepdefination.WebshopLogin] [the_user_clicks_the_login_button] [com.cts.stepdefination.WebshopLogin.the_user_clicks_the_login_button(WebshopLogin.java:33)] - clicks login button
2020-04-11 15:37:09.938 INFO [main] [com.cts.stepdefination.WebshopLogin] [the_user_login_using_and] [com.cts.stepdefination.WebshopLogin.the_user_login_using_and(WebshopLogin.java:40)] - enters username and password
2020-04-11 15:38:04.114 INFO [main] [com.cts.stepdefination.WebshopLogin] [the_user_launch_the_chrome_application_i_am_on_the_home_page_and_logs_in_with_and] [com.cts.stepdefination.WebshopSelectproduct.the_user_launch_the_chrome_application_i_am_on_the_home_page_and_logs_in_with_and(WebshopSelectproduct.java:29)] - user logs in
2020-04-11 15:38:23.106 INFO [main] [com.cts.stepdefination.WebshopLogin] [the_user_clicks_on_phones] [com.cts.stepdefination.WebshopSelectproduct.the_user_clicks_on_phones(WebshopSelectproduct.java:48)] - completes selecting products
2020-04-11 15:39:01.747 INFO [main] [com.cts.stepdefination.WebshopLogin] [the_user_launch_the_chrome_application_i_am_on_the_home_page_and_logs_in_with_and] [com.cts.stepdefination.WebshopSelectproduct.the_user_launch_the_chrome_application_i_am_on_the_home_page_and_logs_in_with_and(WebshopSelectproduct.java:29)] - user logs in
2020-04-11 15:39:23.335 INFO [main] [com.cts.stepdefination.WebshopLogin] [the_user_clicks_on_phones] [com.cts.stepdefination.WebshopSelectproduct.the_user_clicks_on_phones(WebshopSelectproduct.java:48)] - completes selecting products
2020-04-11 15:40:25.694 INFO [main] [com.cts.stepdefination.WebshopLogin] [the_user_launch_the_chrome_application_i_am_on_the_home_page_and_selects_and_logs_in_with_and] [com.cts.stepdefination.WebshopShippingcart.the_user_launch_the_chrome_application_i_am_on_the_home_page_and_selects_and_logs_in_with_and(WebshopShippingcart.java:35)] - user logs in
2020-04-11 15:40:43.144 INFO [main] [com.cts.stepdefination.WebshopLogin] [the_user_launch_the_chrome_application_i_am_on_the_home_page_and_selects_and_logs_in_with_and] [com.cts.stepdefination.WebshopShippingcart.the_user_launch_the_chrome_application_i_am_on_the_home_page_and_selects_and_logs_in_with_and(WebshopShippingcart.java:40)] - completes selecting products
2020-04-11 15:40:49.463 INFO [main] [com.cts.stepdefination.WebshopLogin] [the_user_clicks_the_shopping_cart_link] [com.cts.stepdefination.WebshopShippingcart.the_user_clicks_the_shopping_cart_link(WebshopShippingcart.java:47)] - clicks on shipping cart link
2020-04-11 15:41:46.649 INFO [main] [com.cts.stepdefination.WebshopLogin] [the_user_launch_the_chrome_application_i_am_on_the_home_page_and_selects_and_logs_in_with_and] [com.cts.stepdefination.WebshopShippingcart.the_user_launch_the_chrome_application_i_am_on_the_home_page_and_selects_and_logs_in_with_and(WebshopShippingcart.java:35)] - user logs in
2020-04-11 15:42:04.977 INFO [main] [com.cts.stepdefination.WebshopLogin] [the_user_launch_the_chrome_application_i_am_on_the_home_page_and_selects_and_logs_in_with_and] [com.cts.stepdefination.WebshopShippingcart.the_user_launch_the_chrome_application_i_am_on_the_home_page_and_selects_and_logs_in_with_and(WebshopShippingcart.java:40)] - completes selecting products
2020-04-11 15:42:08.620 INFO [main] [com.cts.stepdefination.WebshopLogin] [the_user_clicks_the_shopping_cart_link] [com.cts.stepdefination.WebshopShippingcart.the_user_clicks_the_shopping_cart_link(WebshopShippingcart.java:47)] - clicks on shipping cart link
